9/14/2021, 12:34:51 PM - INFO - Server is running on port: 3030
9/14/2021, 12:42:49 PM - INFO - Server is running on port: 3030
9/14/2021, 12:47:44 PM - INFO - Server is running on port: 3030
9/14/2021, 12:47:55 PM - INFO - Server is running on port: 3030
9/14/2021, 12:55:49 PM - INFO - Server is running on port: 3030
9/14/2021, 12:56:00 PM - INFO - Server is running on port: 3030
9/14/2021, 12:56:05 PM - INFO - Server is running on port: 3030
9/14/2021, 12:56:27 PM - INFO - Server is running on port: 3030
9/14/2021, 12:56:38 PM - INFO - Req!!!
9/14/2021, 12:57:17 PM - INFO - Server is running on port: 3030
1/13/2022, 12:28:17 PM - INFO - Server is running on port: 3030
1/13/2022, 12:41:06 PM - INFO - Server is running on port: 3030
1/13/2022, 7:23:55 PM - INFO - Server is running on port: 3030
1/13/2022, 7:24:37 PM - INFO - Server is running on port: 3030
1/13/2022, 7:26:30 PM - ERROR - cannot find boards | {}
1/13/2022, 7:26:30 PM - ERROR - Failed to get boards | {}
1/13/2022, 7:29:07 PM - ERROR - cannot find boards | {}
1/13/2022, 7:29:07 PM - ERROR - Failed to get boards | {}
1/13/2022, 7:30:19 PM - INFO - Server is running on port: 3030
1/13/2022, 7:30:27 PM - ERROR - cannot find boards | {}
1/13/2022, 7:30:27 PM - ERROR - Failed to get boards | {}
1/13/2022, 7:30:39 PM - INFO - Server is running on port: 3030
1/13/2022, 7:32:20 PM - ERROR - cannot find boards | {}
1/13/2022, 7:32:20 PM - ERROR - Failed to get boards | {}
1/13/2022, 7:32:23 PM - ERROR - cannot find boards | {}
1/13/2022, 7:32:23 PM - ERROR - Failed to get boards | {}
1/13/2022, 7:32:35 PM - ERROR - cannot find boards | {}
1/13/2022, 7:32:35 PM - ERROR - Failed to get boards | {}
1/13/2022, 7:33:08 PM - INFO - Server is running on port: 3030
1/13/2022, 7:33:12 PM - ERROR - cannot find boards | {}
1/13/2022, 7:33:12 PM - ERROR - Failed to get boards | {}
1/13/2022, 7:36:39 PM - INFO - Server is running on port: 3030
1/13/2022, 7:36:43 PM - ERROR - cannot find boards | {}
1/13/2022, 7:36:43 PM - ERROR - Failed to get boards | {}
1/13/2022, 7:37:14 PM - INFO - Server is running on port: 3030
1/13/2022, 7:37:17 PM - ERROR - cannot find boards | {}
1/13/2022, 7:37:17 PM - ERROR - Failed to get boards | {}
1/13/2022, 7:44:07 PM - INFO - Server is running on port: 3030
1/13/2022, 7:44:11 PM - ERROR - cannot find boards | {}
1/13/2022, 7:44:11 PM - ERROR - Failed to get boards | {}
1/13/2022, 7:44:57 PM - INFO - Server is running on port: 3030
1/13/2022, 7:45:08 PM - ERROR - cannot find boards | {}
1/13/2022, 7:45:08 PM - ERROR - Failed to get boards | {}
1/13/2022, 7:46:07 PM - INFO - Server is running on port: 3030
1/13/2022, 7:46:10 PM - ERROR - cannot find boards | {}
1/13/2022, 7:46:10 PM - ERROR - Failed to get boards | {}
1/13/2022, 7:48:01 PM - INFO - Server is running on port: 3030
1/13/2022, 7:48:08 PM - ERROR - cannot find boards | {}
1/13/2022, 7:48:08 PM - ERROR - Failed to get boards | {}
1/13/2022, 7:48:18 PM - ERROR - cannot find boards | {}
1/13/2022, 7:48:18 PM - ERROR - Failed to get boards | {}
1/13/2022, 7:54:42 PM - INFO - Server is running on port: 3030
1/13/2022, 7:54:49 PM - ERROR - cannot find boards | {}
1/13/2022, 7:54:49 PM - ERROR - Failed to get boards | {}
1/13/2022, 7:55:01 PM - INFO - Server is running on port: 3030
1/13/2022, 7:56:08 PM - INFO - Server is running on port: 3030
1/13/2022, 7:56:09 PM - ERROR - cannot find boards | {}
1/13/2022, 7:56:09 PM - ERROR - Failed to get boards | {}
1/13/2022, 7:58:00 PM - INFO - Server is running on port: 3030
1/13/2022, 7:58:05 PM - ERROR - Failed to get boards | {}
1/13/2022, 7:59:39 PM - INFO - Server is running on port: 3030
1/13/2022, 7:59:46 PM - ERROR - Failed to get boards | {}
1/13/2022, 8:00:22 PM - INFO - Server is running on port: 3030
1/13/2022, 8:00:24 PM - ERROR - Failed to get boards | {}
1/13/2022, 8:02:09 PM - ERROR - Failed to get boards | {}
1/13/2022, 8:06:05 PM - INFO - Server is running on port: 3030
1/13/2022, 8:10:27 PM - ERROR - cannot find boards | {}
1/13/2022, 8:10:27 PM - ERROR - Failed to get boards | {}
1/13/2022, 8:10:34 PM - ERROR - cannot find boards | {}
1/13/2022, 8:10:34 PM - ERROR - Failed to get boards | {}
1/13/2022, 8:12:04 PM - INFO - Server is running on port: 3030
1/13/2022, 10:31:48 PM - INFO - Server is running on port: 3030
1/14/2022, 8:29:27 AM - INFO - Server is running on port: 3030
1/14/2022, 8:30:38 AM - INFO - Server is running on port: 3030
1/14/2022, 8:31:23 AM - INFO - Server is running on port: 3030
1/14/2022, 8:31:51 AM - ERROR - Failed to update board | {}
1/14/2022, 8:32:20 AM - INFO - Server is running on port: 3030
1/14/2022, 8:32:36 AM - ERROR - Failed to update board | {}
1/14/2022, 8:32:48 AM - INFO - Server is running on port: 3030
1/14/2022, 8:33:54 AM - ERROR - cannot remove board 61e1193eff37453101b37525 | {}
1/14/2022, 8:33:54 AM - ERROR - Failed to remove board | {}
1/14/2022, 8:34:12 AM - INFO - Server is running on port: 3030
1/14/2022, 8:47:29 AM - INFO - Server is running on port: 3030
1/14/2022, 8:47:38 AM - INFO - Server is running on port: 3030
1/14/2022, 8:49:26 AM - INFO - Server is running on port: 3030
1/14/2022, 8:58:05 AM - INFO - Server is running on port: 3030
1/14/2022, 9:00:39 AM - INFO - Server is running on port: 3030
1/14/2022, 9:03:47 AM - INFO - Server is running on port: 3030
1/14/2022, 9:04:26 AM - INFO - Server is running on port: 3030
1/14/2022, 9:42:38 AM - ERROR - while finding board Leekush | {}
1/14/2022, 9:42:38 AM - ERROR - Failed to get board | {}
1/14/2022, 9:43:41 AM - INFO - Server is running on port: 3030
1/14/2022, 9:43:48 AM - ERROR - while finding board Leekush | {}
1/14/2022, 9:43:48 AM - ERROR - Failed to get board | {}
1/14/2022, 11:24:24 AM - INFO - Server is running on port: 3030
1/14/2022, 11:28:41 AM - DEBUG - auth.service - login with username: Leekush
1/14/2022, 11:29:57 AM - INFO - Server is running on port: 3030
1/14/2022, 11:32:50 AM - DEBUG - auth.service - login with username: Leekush
1/14/2022, 11:38:46 AM - DEBUG - auth.service - login with username: zoz
1/14/2022, 11:38:46 AM - ERROR - Failed to Login Invalid username or password
1/14/2022, 11:39:36 AM - DEBUG - auth.service - login with username: Mayish
1/14/2022, 11:39:42 AM - WARN - May Elgrat Attempt to perform admin action
1/14/2022, 11:40:47 AM - WARN - May Elgrat Attempt to perform admin action
1/14/2022, 5:39:50 PM - DEBUG - auth.service - signup with username: Orenush, fullname: Oren
1/14/2022, 5:39:50 PM - DEBUG - auth.route - new account created: {"username":"Orenush","password":"$2b$10$g5Qi9z1eZLsnSywJlLxaru6/L13.EGhijFenZ7L4Db5mZEEhl6SFS","fullname":"Oren","_id":"61e1994613c9ec05889e524a"}
1/14/2022, 5:39:50 PM - DEBUG - auth.service - login with username: Orenush
1/14/2022, 5:40:53 PM - INFO - Server is running on port: 3030
1/14/2022, 5:50:54 PM - DEBUG - auth.service - signup with username: Alon, fullname: Aloni
1/14/2022, 5:50:54 PM - DEBUG - auth.route - new account created: {"username":"Alon","password":"$2b$10$6A9JvUbr0FO.iq4llofoq.QGJ/i270.csKCXInzC7/YX8ZUmd1xa2","fullname":"Aloni","isAdmin":false,"_id":"61e19bdee5db730cc3ec6868"}
1/14/2022, 5:50:54 PM - DEBUG - auth.service - login with username: Alon
1/14/2022, 6:02:27 PM - DEBUG - auth.service - signup with username: Leekush, fullname: Lee Segal
1/14/2022, 6:02:27 PM - DEBUG - auth.route - new account created: {"username":"Leekush","password":"$2b$10$I.FqZxWk5LCRXSzFIrJW9eaSaIdLSZsE6su4Gj65kPIJ29O71NIsa","fullname":"Lee Segal","isAdmin":false,"_id":"61e19e93e5db730cc3ec6869"}
1/14/2022, 6:02:27 PM - DEBUG - auth.service - login with username: Leekush
1/14/2022, 6:03:16 PM - WARN - Lee Segal Attempt to perform admin action
1/14/2022, 6:04:04 PM - WARN - Lee Segal Attempt to perform admin action
1/14/2022, 6:04:46 PM - INFO - Server is running on port: 3030
1/14/2022, 6:04:55 PM - DEBUG - auth.service - login with username: Leekush
1/14/2022, 6:37:56 PM - DEBUG - auth.service - login with username: Leekush
1/14/2022, 7:59:44 PM - DEBUG - auth.service - login with username: Leekush
1/14/2022, 8:13:44 PM - INFO - Server is running on port: 3030
1/16/2022, 6:51:06 PM - INFO - Server is running on port: 3030
1/16/2022, 6:51:28 PM - INFO - Server is running on port: 3030
1/16/2022, 6:51:53 PM - INFO - Server is running on port: 3030
1/16/2022, 6:52:02 PM - INFO - Server is running on port: 3030
1/16/2022, 6:53:45 PM - INFO - Server is running on port: 3030
1/16/2022, 6:55:03 PM - INFO - Server is running on port: 3030
1/16/2022, 6:56:50 PM - INFO - Server is running on port: 3030
1/16/2022, 6:57:31 PM - INFO - Server is running on port: 3030
1/16/2022, 6:59:24 PM - INFO - Server is running on port: 3030
1/16/2022, 7:03:44 PM - INFO - Server is running on port: 3030
1/16/2022, 7:04:50 PM - INFO - Server is running on port: 3030
1/16/2022, 7:06:11 PM - INFO - Server is running on port: 3030
1/16/2022, 7:06:36 PM - INFO - Server is running on port: 3030
1/16/2022, 7:08:05 PM - INFO - Server is running on port: 3030
1/16/2022, 7:09:26 PM - INFO - Server is running on port: 3030
1/16/2022, 7:44:46 PM - INFO - Server is running on port: 3030
1/16/2022, 7:50:28 PM - INFO - Server is running on port: 3030
1/16/2022, 7:51:35 PM - INFO - Server is running on port: 3030
1/16/2022, 7:51:56 PM - INFO - Server is running on port: 3030
1/16/2022, 7:53:29 PM - INFO - Server is running on port: 3030
1/16/2022, 8:20:43 PM - ERROR - while finding board addReview | {}
1/16/2022, 8:20:43 PM - ERROR - Failed to get board | {}
1/16/2022, 8:22:57 PM - ERROR - while finding board addReview | {}
1/16/2022, 8:22:57 PM - ERROR - Failed to get board | {}
1/16/2022, 8:23:04 PM - ERROR - while finding board addReview | {}
1/16/2022, 8:23:04 PM - ERROR - Failed to get board | {}
1/16/2022, 8:24:45 PM - INFO - Server is running on port: 3030
1/16/2022, 8:26:25 PM - INFO - Server is running on port: 3030
1/16/2022, 8:26:26 PM - INFO - Server is running on port: 3030
1/16/2022, 8:28:05 PM - INFO - Server is running on port: 3030
1/16/2022, 8:30:11 PM - INFO - Server is running on port: 3030
1/16/2022, 8:31:20 PM - INFO - Server is running on port: 3030
1/16/2022, 8:34:01 PM - ERROR - while finding board addReview | {}
1/16/2022, 8:34:01 PM - ERROR - Failed to get board | {}
1/16/2022, 8:35:19 PM - ERROR - while finding board reviewadd | {}
1/16/2022, 8:35:19 PM - ERROR - Failed to get board | {}
1/16/2022, 8:35:20 PM - ERROR - while finding board reviewadd | {}
1/16/2022, 8:35:20 PM - ERROR - Failed to get board | {}
1/16/2022, 8:35:46 PM - ERROR - while finding board review-add | {}
1/16/2022, 8:35:46 PM - ERROR - Failed to get board | {}
1/16/2022, 8:35:55 PM - ERROR - while finding board review-add | {}
1/16/2022, 8:35:55 PM - ERROR - Failed to get board | {}
1/16/2022, 8:36:08 PM - ERROR - while finding board reviewadd | {}
1/16/2022, 8:36:08 PM - ERROR - Failed to get board | {}
1/16/2022, 8:36:28 PM - ERROR - while finding board reviewadd | {}
1/16/2022, 8:36:28 PM - ERROR - Failed to get board | {}
1/16/2022, 8:41:01 PM - ERROR - while finding board review-add | {}
1/16/2022, 8:41:01 PM - ERROR - Failed to get board | {}
1/16/2022, 8:48:31 PM - DEBUG - auth.service - login with username: Leekush
1/16/2022, 8:51:40 PM - INFO - Server is running on port: 3030
1/16/2022, 8:54:04 PM - ERROR - while finding board review-add | {}
1/16/2022, 8:54:04 PM - ERROR - Failed to get board | {}
1/16/2022, 9:04:54 PM - DEBUG - auth.service - login with username: Leekush
1/16/2022, 9:06:27 PM - INFO - Server is running on port: 3030
1/16/2022, 9:08:43 PM - ERROR - while finding board review-add | {}
1/16/2022, 9:08:43 PM - ERROR - Failed to get board | {}
1/16/2022, 9:08:56 PM - INFO - Req!!!
1/16/2022, 9:09:42 PM - DEBUG - auth.service - login with username: Leekush
1/16/2022, 9:09:49 PM - INFO - Req!!!
1/16/2022, 9:09:49 PM - INFO - Req from: Lee Segal
1/16/2022, 9:11:58 PM - INFO - Server is running on port: 3030
1/16/2022, 9:12:29 PM - INFO - Server is running on port: 3030
1/16/2022, 9:12:36 PM - INFO - Req!!!
1/16/2022, 9:13:32 PM - INFO - Server is running on port: 3030
1/16/2022, 9:16:45 PM - ERROR - Failed to add review | {}
1/16/2022, 9:17:25 PM - DEBUG - auth.service - login with username: Leekush
1/16/2022, 9:18:00 PM - INFO - Server is running on port: 3030
1/16/2022, 9:18:01 PM - ERROR - Failed to add review | {}
1/16/2022, 9:18:24 PM - DEBUG - auth.service - login with username: Leekush
1/16/2022, 9:19:13 PM - ERROR - while finding board review-add | {}
1/16/2022, 9:19:13 PM - ERROR - Failed to get board | {}
1/16/2022, 9:20:47 PM - ERROR - while finding board review-add | {}
1/16/2022, 9:20:47 PM - ERROR - Failed to get board | {}
1/16/2022, 9:27:24 PM - ERROR - while finding board review-add | {}
1/16/2022, 9:27:24 PM - ERROR - Failed to get board | {}
1/16/2022, 9:27:34 PM - DEBUG - auth.service - login with username: Leekush
1/16/2022, 10:37:05 PM - INFO - Server is running on port: 3030
1/16/2022, 10:42:06 PM - INFO - Server is running on port: 3030
1/16/2022, 10:52:10 PM - INFO - Server is running on port: 3030
1/16/2022, 10:52:30 PM - INFO - Server is running on port: 3030
1/16/2022, 11:07:50 PM - INFO - Server is running on port: 3030
1/16/2022, 11:11:14 PM - INFO - Server is running on port: 3030
1/16/2022, 11:15:15 PM - INFO - Server is running on port: 3030
1/17/2022, 3:39:15 PM - INFO - Server is running on port: 3030
1/17/2022, 3:39:44 PM - INFO - Req!!!
1/17/2022, 3:40:00 PM - DEBUG - auth.service - login with username: Leekush
1/17/2022, 3:40:11 PM - INFO - Req!!!
1/17/2022, 3:40:11 PM - INFO - Req from: Lee Segal
1/17/2022, 3:53:09 PM - INFO - Server is running on port: 3030
1/17/2022, 3:53:20 PM - INFO - Server is running on port: 3030
1/17/2022, 3:54:54 PM - INFO - Server is running on port: 3030
1/17/2022, 3:57:12 PM - INFO - Server is running on port: 3030
1/17/2022, 3:58:23 PM - INFO - Server is running on port: 3030
1/17/2022, 4:53:02 PM - DEBUG - auth.service - login with username: Leekush
1/17/2022, 4:54:41 PM - DEBUG - auth.service - login with username: Leekush
1/17/2022, 5:16:51 PM - INFO - Server is running on port: 3030
1/17/2022, 5:17:48 PM - INFO - Server is running on port: 3030
1/17/2022, 5:21:46 PM - INFO - Server is running on port: 3030
1/17/2022, 6:24:10 PM - INFO - Server is running on port: 3030
1/17/2022, 6:25:09 PM - INFO - Server is running on port: 3030
1/17/2022, 6:25:49 PM - INFO - Server is running on port: 3030
1/17/2022, 6:31:06 PM - INFO - Server is running on port: 3030
1/17/2022, 6:31:22 PM - INFO - Server is running on port: 3030
1/17/2022, 6:51:45 PM - INFO - Server is running on port: 3030
1/17/2022, 6:54:20 PM - INFO - Server is running on port: 3030
1/17/2022, 6:54:51 PM - INFO - Server is running on port: 3030
1/17/2022, 6:55:25 PM - INFO - Server is running on port: 3030
1/17/2022, 6:56:37 PM - INFO - Server is running on port: 3030
1/17/2022, 7:08:01 PM - INFO - Server is running on port: 3030
1/17/2022, 7:20:29 PM - INFO - Server is running on port: 3030
1/17/2022, 7:37:33 PM - INFO - Server is running on port: 3030
1/17/2022, 7:52:46 PM - DEBUG - auth.service - login with username: Leekush
1/17/2022, 7:54:03 PM - DEBUG - auth.service - signup with username: zoz, fullname: Zohar
1/17/2022, 7:54:03 PM - DEBUG - auth.route - new account created: {"username":"zoz","password":"$2b$10$iWpwVtu6dmQULqlUGX/nm.mIusYOWR3QjWbvanDGYOOnpXHScyIXW","fullname":"Zohar","isAdmin":false,"_id":"61e5ad3b5b98295cdc763e7a"}
1/17/2022, 7:54:03 PM - DEBUG - auth.service - login with username: zoz
1/17/2022, 10:27:22 PM - INFO - Server is running on port: 3030
1/17/2022, 10:32:41 PM - INFO - Server is running on port: 3030
1/17/2022, 10:33:18 PM - INFO - Server is running on port: 3030
1/17/2022, 10:33:34 PM - INFO - Server is running on port: 3030
1/17/2022, 10:33:56 PM - INFO - Server is running on port: 3030
1/17/2022, 10:34:27 PM - INFO - Server is running on port: 3030
1/17/2022, 10:41:32 PM - INFO - Server is running on port: 3030
1/17/2022, 10:42:18 PM - INFO - Server is running on port: 3030
1/17/2022, 10:44:19 PM - INFO - Server is running on port: 3030
1/17/2022, 10:47:55 PM - INFO - Server is running on port: 3030
1/17/2022, 10:50:41 PM - INFO - Server is running on port: 3030
1/23/2022, 8:01:45 PM - INFO - Server is running on port: 3030
1/23/2022, 11:18:04 PM - INFO - Server is running on port: 3030
1/23/2022, 11:26:45 PM - ERROR - Failed to get boards | {}
1/23/2022, 11:27:29 PM - INFO - Server is running on port: 3030
1/23/2022, 11:31:10 PM - INFO - Server is running on port: 3030
1/23/2022, 11:32:00 PM - INFO - Server is running on port: 3030
1/23/2022, 11:33:04 PM - INFO - Server is running on port: 3030
1/23/2022, 11:33:21 PM - INFO - Server is running on port: 3030
1/23/2022, 11:34:50 PM - INFO - Server is running on port: 3030
1/23/2022, 11:37:47 PM - INFO - Server is running on port: 3030
1/24/2022, 12:19:02 AM - INFO - Server is running on port: 3030
1/24/2022, 12:28:39 AM - INFO - Server is running on port: 3030
1/24/2022, 10:39:44 AM - INFO - Server is running on port: 3030
1/24/2022, 1:23:43 PM - INFO - Server is running on port: 3030
1/24/2022, 1:24:10 PM - ERROR - cannot update board undefined | {}
1/24/2022, 1:24:10 PM - ERROR - Failed to update board | {}
1/24/2022, 1:24:27 PM - ERROR - cannot update board undefined | {}
1/24/2022, 1:24:27 PM - ERROR - Failed to update board | {}
1/24/2022, 1:24:37 PM - ERROR - cannot update board undefined | {}
1/24/2022, 1:24:37 PM - ERROR - Failed to update board | {}
1/24/2022, 1:25:14 PM - INFO - Server is running on port: 3030
1/24/2022, 1:28:10 PM - INFO - Server is running on port: 3030
1/24/2022, 1:33:56 PM - INFO - Server is running on port: 3030
1/24/2022, 1:34:28 PM - ERROR - cannot update board undefined | {"driver":true,"name":"MongoError","index":0,"code":66}
1/24/2022, 1:34:28 PM - ERROR - Failed to update board | {"driver":true,"name":"MongoError","index":0,"code":66}
1/24/2022, 1:36:33 PM - INFO - Server is running on port: 3030
1/24/2022, 1:40:29 PM - INFO - Server is running on port: 3030
1/24/2022, 1:44:23 PM - INFO - Server is running on port: 3030
1/24/2022, 1:45:03 PM - INFO - Server is running on port: 3030
1/24/2022, 1:48:06 PM - INFO - Server is running on port: 3030
1/24/2022, 1:53:04 PM - INFO - Server is running on port: 3030
1/24/2022, 1:56:46 PM - INFO - Server is running on port: 3030
1/24/2022, 2:02:48 PM - INFO - Server is running on port: 3030
1/24/2022, 2:06:05 PM - INFO - Server is running on port: 3030
1/24/2022, 2:06:49 PM - ERROR - cannot update board undefined | {"driver":true,"name":"MongoError","index":0,"code":66}
1/24/2022, 2:06:49 PM - ERROR - Failed to update board | {"driver":true,"name":"MongoError","index":0,"code":66}
1/24/2022, 2:09:16 PM - INFO - Server is running on port: 3030
1/24/2022, 2:09:23 PM - ERROR - cannot update board undefined | {"driver":true,"name":"MongoError","index":0,"code":66}
1/24/2022, 2:09:23 PM - ERROR - Failed to update board | {"driver":true,"name":"MongoError","index":0,"code":66}
1/24/2022, 2:09:37 PM - INFO - Server is running on port: 3030
1/24/2022, 3:08:34 PM - INFO - Server is running on port: 3030
1/24/2022, 3:08:56 PM - INFO - Server is running on port: 3030
1/24/2022, 3:35:22 PM - INFO - Server is running on port: 3030
1/24/2022, 4:03:44 PM - ERROR - while finding board undefined | {}
1/24/2022, 4:03:44 PM - ERROR - Failed to get board | {}
1/24/2022, 4:09:32 PM - ERROR - while finding board undefined | {}
1/24/2022, 4:09:32 PM - ERROR - Failed to get board | {}
1/24/2022, 4:14:32 PM - ERROR - while finding board undefined | {}
1/24/2022, 4:14:32 PM - ERROR - Failed to get board | {}
1/24/2022, 4:14:33 PM - ERROR - while finding board undefined | {}
1/24/2022, 4:14:33 PM - ERROR - Failed to get board | {}
1/24/2022, 4:14:40 PM - ERROR - while finding board undefined | {}
1/24/2022, 4:14:40 PM - ERROR - Failed to get board | {}
1/24/2022, 4:22:55 PM - INFO - Server is running on port: 3030
1/24/2022, 5:05:32 PM - INFO - Server is running on port: 3030
1/24/2022, 5:52:02 PM - INFO - Server is running on port: 3030
1/24/2022, 6:01:57 PM - INFO - Server is running on port: 3030
1/24/2022, 6:12:47 PM - INFO - Server is running on port: 3030
<<<<<<< HEAD
24.1.2022, 19:14:43 - INFO - Server is running on port: 3030
24.1.2022, 22:09:51 - INFO - Server is running on port: 3030
24.1.2022, 22:28:41 - INFO - Server is running on port: 3030
25.1.2022, 9:31:10 - INFO - Server is running on port: 3030
25.1.2022, 17:43:26 - INFO - Server is running on port: 3030
25.1.2022, 17:45:22 - INFO - Server is running on port: 3030
25.1.2022, 23:44:52 - DEBUG - auth.service - login with username: mayelgarat
25.1.2022, 23:44:52 - ERROR - Failed to Login Invalid username or password
25.1.2022, 23:44:54 - DEBUG - auth.service - login with username: mayelgarat
25.1.2022, 23:44:54 - ERROR - Failed to Login Invalid username or password
=======
1/24/2022, 8:53:49 PM - INFO - Server is running on port: 3030
1/24/2022, 10:09:21 PM - INFO - Server is running on port: 3030
1/25/2022, 8:46:28 AM - INFO - Server is running on port: 3030
1/25/2022, 4:10:38 PM - DEBUG - auth.service - login with username: Lora Turner
1/25/2022, 4:10:38 PM - ERROR - Failed to Login Error: data and hash must be strings
1/25/2022, 4:12:05 PM - INFO - Server is running on port: 3030
1/25/2022, 4:12:09 PM - DEBUG - auth.service - login with username: Lora Turner
1/25/2022, 4:12:12 PM - ERROR - Failed to Login Error: data and hash must be strings
1/25/2022, 4:14:06 PM - DEBUG - auth.service - signup with username: a, fullname: a
1/25/2022, 4:14:06 PM - DEBUG - auth.route - new account created: {"username":"a","password":"$2b$10$Cfffe8zpfotzGYHlP08jYub3bccj2UNn5WfwyHoaGn0RsJ7RI4KRK","fullname":"a","isAdmin":false,"_id":"61f005ae3bf1bf68b9e3125a"}
1/25/2022, 4:14:06 PM - DEBUG - auth.service - login with username: a
1/25/2022, 4:15:13 PM - DEBUG - auth.service - signup with username: b, fullname: b
1/25/2022, 4:15:13 PM - DEBUG - auth.route - new account created: {"username":"b","password":"$2b$10$jvZRwZWuwXRRjQlFFOVf9enWdTy11lihHwnoNdxofFF7IsH.KM5fu","fullname":"b","isAdmin":false,"_id":"61f005f13bf1bf68b9e3125b"}
1/25/2022, 4:15:13 PM - DEBUG - auth.service - login with username: b
1/25/2022, 4:16:13 PM - DEBUG - auth.service - login with username: Lora Turner
1/25/2022, 5:17:11 PM - INFO - Server is running on port: 3030
1/25/2022, 5:18:44 PM - INFO - Server is running on port: 3030
1/25/2022, 5:30:09 PM - INFO - Server is running on port: 3030
1/25/2022, 5:45:16 PM - INFO - Server is running on port: 3030
1/25/2022, 8:36:17 PM - INFO - Server is running on port: 3030
1/25/2022, 9:33:00 PM - ERROR - while finding board [object Object] | {}
1/25/2022, 9:34:33 PM - INFO - Server is running on port: 3030
1/25/2022, 9:34:42 PM - ERROR - while finding board [object Object] | {}
1/25/2022, 9:35:15 PM - INFO - Server is running on port: 3030
<<<<<<< HEAD
1/26/2022, 11:01:09 AM - INFO - Server is running on port: 3030
1/26/2022, 1:09:14 PM - INFO - Server is running on port: 3030
1/26/2022, 5:53:24 PM - INFO - Server is running on port: 3030
1/26/2022, 5:57:39 PM - INFO - Server is running on port: 3030
1/26/2022, 7:52:16 PM - INFO - Server is running on port: 3030
1/27/2022, 9:50:25 AM - INFO - Server is running on port: 3030
=======
>>>>>>> 1ac44d2a4a2147081b2f4dd82a9c1913cb6c9760
26.1.2022, 9:36:12 - INFO - Server is running on port: 3030
26.1.2022, 9:42:38 - INFO - Server is running on port: 3030
26.1.2022, 9:47:50 - INFO - Server is running on port: 3030
26.1.2022, 10:15:27 - INFO - Server is running on port: 3030
26.1.2022, 10:15:34 - INFO - Server is running on port: 3030
>>>>>>> 5bd0c2f3ac13ad6ed1fc9fc75a7f8dbfb8e91b26
1/27/2022, 1:47:19 PM - INFO - Server is running on port: 3030
1/27/2022, 2:17:07 PM - DEBUG - auth.service - signup with username: zozo, fullname: Zohar Ro
1/27/2022, 2:17:08 PM - ERROR - Failed to signup ReferenceError: _getRandomIntInclusive is not defined
1/27/2022, 2:31:36 PM - INFO - Server is running on port: 3030
1/27/2022, 2:33:00 PM - DEBUG - auth.service - signup with username: zoz, fullname: Zohar Ro
1/27/2022, 2:33:02 PM - DEBUG - auth.route - new account created: {"username":"zoz","password":"$2b$10$LFLvBrzCnH/wD.YbjzJUqO7E7chLzrHnoOt8SYkA1iG4gD8V/9P/e","fullname":"Zohar Ro","isAdmin":false,"_id":"61f290feee53eed1bbe2c7c9"}
1/27/2022, 2:33:02 PM - DEBUG - auth.service - login with username: zoz
1/27/2022, 2:48:18 PM - INFO - Server is running on port: 3030
1/27/2022, 4:11:20 PM - DEBUG - auth.service - signup with username: 12, fullname: zohar ro
1/27/2022, 4:11:20 PM - DEBUG - auth.route - new account created: {"username":"12","password":"$2b$10$gMtzIoNUJ3kWl5tXCQa.f.ErAvnh4AcO5XRUeZdmEz1LIrU6zdsr2","fullname":"zohar ro","isAdmin":false,"_id":"61f2a8080f2c7cd450740989"}
1/27/2022, 4:11:20 PM - DEBUG - auth.service - login with username: 12
1/28/2022, 7:26:11 AM - INFO - Server is running on port: 3030
1/28/2022, 8:55:00 AM - INFO - Server is running on port: 3030
1/28/2022, 9:02:32 AM - INFO - Server is running on port: 3030
1/28/2022, 9:04:02 AM - INFO - Server is running on port: 3030
1/28/2022, 9:06:33 AM - INFO - Server is running on port: 3030
1/28/2022, 9:15:59 AM - INFO - Server is running on port: 3030
1/28/2022, 9:18:43 AM - INFO - Server is running on port: 3030
1/28/2022, 9:27:36 AM - INFO - Server is running on port: 3030
1/28/2022, 9:33:10 AM - INFO - Server is running on port: 3030
1/28/2022, 9:36:26 AM - INFO - Server is running on port: 3030
1/28/2022, 9:43:00 AM - INFO - Server is running on port: 3030
1/28/2022, 10:05:09 AM - INFO - Server is running on port: 3030
1/28/2022, 10:23:05 AM - INFO - Server is running on port: 3030
1/28/2022, 11:43:42 AM - DEBUG - auth.service - signup with username: adsd, fullname: aaaa bbbb
1/28/2022, 11:43:42 AM - DEBUG - auth.route - new account created: {"username":"adsd","password":"$2b$10$HeAGCD6gFzx0frEX0.P1veWBMoOJph/TzTZeMbmhRlbAhF3OvcPfi","fullname":"aaaa bbbb","isAdmin":false,"_id":"61f3bace2b526cf0cd18632f"}
1/28/2022, 11:43:42 AM - DEBUG - auth.service - login with username: adsd
1/28/2022, 12:45:49 PM - INFO - Server is running on port: 3030
1/28/2022, 1:15:52 PM - INFO - Server is running on port: 3030
1/28/2022, 1:17:13 PM - INFO - Server is running on port: 3030
1/28/2022, 1:21:48 PM - INFO - Server is running on port: 3030
1/28/2022, 1:25:59 PM - INFO - Server is running on port: 3030
1/28/2022, 4:13:17 PM - INFO - Server is running on port: 3030
1/28/2022, 5:26:36 PM - INFO - Server is running on port: 3030
1/28/2022, 5:51:21 PM - DEBUG - auth.service - signup with username: a, fullname: aaaaa bbbb
1/28/2022, 5:51:22 PM - DEBUG - auth.route - new account created: {"username":"a","password":"$2b$10$udpS1JCdnXi4sqMP0c/P7e.bBquP2EGncuNkRqCRI/rRDialHjdfW","fullname":"aaaaa bbbb","isAdmin":false,"_id":"61f410f9837e510a523369e8"}
1/28/2022, 5:51:22 PM - DEBUG - auth.service - login with username: a
1/29/2022, 11:40:27 AM - INFO - Server is running on port: 3030
1/29/2022, 5:38:17 PM - INFO - Server is running on port: 3030
1/29/2022, 6:37:28 PM - INFO - Server is running on port: 3030
1/29/2022, 8:13:38 PM - INFO - Server is running on port: 3030
1/29/2022, 8:25:25 PM - DEBUG - auth.service - signup with username: aa, fullname: aa bb
1/29/2022, 8:25:25 PM - DEBUG - auth.route - new account created: {"username":"aa","password":"$2b$10$QUawrAG.0pVu.dr9HFV9eeZWjnm0zGXOiaVHbwSr6TPUIiU0A3IpK","userColor":"#FAA1F1","fullname":"aa bb","isAdmin":false,"_id":"61f586957469f83395ef110d"}
1/29/2022, 8:25:25 PM - DEBUG - auth.service - login with username: aa
1/29/2022, 10:40:17 PM - INFO - Server is running on port: 3030
1/30/2022, 8:49:47 AM - INFO - Server is running on port: 3030
1/30/2022, 9:46:11 AM - INFO - Server is running on port: 3030
1/30/2022, 10:04:41 AM - DEBUG - auth.service - signup with username: Aloni, fullname: Alon Dai
1/30/2022, 10:04:42 AM - DEBUG - auth.route - new account created: {"username":"Aloni","password":"$2b$10$JgEOsQzN6ULmGat04voNSeOKPrWLf36VaaVMhWIwK9OfiCEawRDN6","userColor":"#00C875","fullname":"Alon Dai","isAdmin":false,"_id":"61f6469ab00af7481f5e04fe"}
1/30/2022, 10:04:42 AM - DEBUG - auth.service - login with username: Aloni
1/30/2022, 7:29:38 PM - DEBUG - auth.service - signup with username: LEE, fullname: LEEEE SEGALL
1/30/2022, 7:29:39 PM - DEBUG - auth.route - new account created: {"username":"LEE","password":"$2b$10$Ydc53K/d9gBeHo1.QPciPeId.e4tMR1MiQKV36fvBVbtXly5JasIm","userColor":"#FDAB3D","fullname":"LEEEE SEGALL","isAdmin":false,"_id":"61f6cb03b00af7481f5e04ff"}
1/30/2022, 7:29:39 PM - DEBUG - auth.service - login with username: LEE
1/30/2022, 7:39:14 PM - DEBUG - auth.service - signup with username: aaa , fullname: JJJ PPP
1/30/2022, 7:39:15 PM - DEBUG - auth.route - new account created: {"username":"aaa ","password":"$2b$10$E2KNYRtkyF8kULehHQVxFeXHWKFEUMHob2X/EWsXUvjF9kuU/RKvm","userColor":"#FDAB3D","fullname":"JJJ PPP","isAdmin":false,"_id":"61f6cd43b00af7481f5e0500"}
1/30/2022, 7:39:15 PM - DEBUG - auth.service - login with username: aaa 
1/30/2022, 7:44:56 PM - INFO - Server is running on port: 3030
1/30/2022, 7:57:46 PM - DEBUG - auth.service - signup with username: As, fullname: Asaf Margalit
1/30/2022, 7:57:47 PM - DEBUG - auth.route - new account created: {"username":"As","password":"$2b$10$0EMV3rtFQ/F/664eWA.42.JVMD1IhDH70tCkC0pikY/OG5lY.MRJC","userColor":"#0073ea","fullname":"Asaf Margalit","isAdmin":false,"_id":"61f6d19beded646a71bda34f"}
1/30/2022, 7:57:47 PM - DEBUG - auth.service - login with username: As
1/30/2022, 7:58:25 PM - DEBUG - auth.service - login with username: As
1/30/2022, 8:20:39 PM - INFO - Server is running on port: 3030
1/30/2022, 8:20:48 PM - INFO - Server is running on port: 3030
1/30/2022, 8:21:39 PM - DEBUG - auth.service - signup with username: Tommy, fullname: Tommy Iramia
1/30/2022, 8:21:40 PM - DEBUG - auth.route - new account created: {"username":"Tommy","password":"$2b$10$objelwcKWVH7jzKrlxwR5uBhS/ybrtCJIs9mIat7OdxpzxV0IQd4O","fullname":"Tommy Iramia","userColor":"#0073ea","acronyms":"TI","_id":"61f6d7333689d16d14633a3f"}
1/30/2022, 8:21:40 PM - DEBUG - auth.service - login with username: Tommy
1/30/2022, 8:22:07 PM - INFO - Server is running on port: 3030
1/30/2022, 8:22:32 PM - DEBUG - auth.service - signup with username: Guy, fullname: Guy Kaplan
1/30/2022, 8:22:35 PM - DEBUG - auth.route - new account created: {"username":"Guy","password":"$2b$10$HHLF3D8WlYGzTCh7fn.DaeOL/zYMTM/6SscL1pNJVZBAqDK4bVyK6","fullname":"Guy Kaplan","userColor":"#292f4c","acronyms":"GK","_id":"61f6d76bc8711e6d4f2fc955"}
1/30/2022, 8:22:35 PM - DEBUG - auth.service - login with username: Guy
1/30/2022, 8:26:48 PM - INFO - Server is running on port: 3030
1/30/2022, 8:27:06 PM - DEBUG - auth.service - signup with username: Anna, fullname: Anna Bla
1/30/2022, 8:27:07 PM - DEBUG - auth.route - new account created: {"username":"Anna","password":"$2b$10$6YNXY8ffYp5uQImVlYhQh.YvIcWugKY0ivWN6.czIUyLKTmsLr4qa","fullname":"Anna Bla","userColor":"#292f4c","acronyms":"AB","_id":"61f6d87b8d515c6dd769d870"}
1/30/2022, 8:27:07 PM - DEBUG - auth.service - login with username: Anna
1/30/2022, 8:29:40 PM - DEBUG - auth.service - login with username: Anna
<<<<<<< HEAD
<<<<<<< HEAD
1/30/2022, 8:35:09 PM - INFO - Server is running on port: 3030
1/30/2022, 9:32:48 PM - DEBUG - auth.service - signup with username: Zohar, fullname: Zohar Rosenbush
1/30/2022, 9:32:49 PM - DEBUG - auth.route - new account created: {"username":"Zohar","password":"$2b$10$6svXkvup.DoPrqO.jjEZVOB0NlATvJH81CsqINxSi/ybUhTWA6Gpq","fullname":"Zohar Rosenbush","userColor":"#E2445C","acronyms":"ZR","_id":"61f6e7e1a5b81e6fceb111b8"}
1/30/2022, 9:32:49 PM - DEBUG - auth.service - login with username: Zohar
1/30/2022, 9:34:01 PM - DEBUG - auth.service - signup with username: Zohar, fullname: Zohar Rosenbush
1/30/2022, 9:34:01 PM - DEBUG - auth.route - new account created: {"username":"Zohar","password":"$2b$10$bJjq8TFZJl76KWL.97SgiOKO5o1024UktF5T8btUl6PS5kjAKuTh.","fullname":"Zohar Rosenbush","userColor":"#00C875","acronyms":"ZR","_id":"61f6e829a5b81e6fceb111b9"}
1/30/2022, 9:34:01 PM - DEBUG - auth.service - login with username: Zohar
1/31/2022, 7:26:50 AM - INFO - Server is running on port: 3030
1/31/2022, 12:09:08 PM - DEBUG - auth.service - login with username: Zohar
1/31/2022, 1:00:50 PM - INFO - Server is running on port: 3030
1/31/2022, 3:00:28 PM - DEBUG - auth.service - login with username: Zohar
1/31/2022, 3:07:21 PM - INFO - Server is running on port: 3030
1/31/2022, 3:07:41 PM - DEBUG - auth.service - login with username: Zohar
1/31/2022, 3:28:38 PM - INFO - Server is running on port: 3030
1/31/2022, 3:38:48 PM - INFO - Server is running on port: 3030
=======
30.1.2022, 20:42:35 - INFO - Server is running on port: 3030
30.1.2022, 20:43:34 - DEBUG - auth.service - signup with username: tomer, fullname: Tomer Ganzi
30.1.2022, 20:43:34 - DEBUG - auth.route - new account created: {"username":"tomer","password":"$2b$10$p7VnPR6FDhihgVK4l9xBZOFHLAUICaGxT7Ac6wPchThL417MzHrF.","fullname":"Tomer Ganzi","userColor":"#E2445C","acronyms":"TG","_id":"61f6dc5618e0af2e9c8f66c3"}
30.1.2022, 20:43:34 - DEBUG - auth.service - login with username: tomer
30.1.2022, 20:43:47 - DEBUG - auth.service - login with username: tomer
31.1.2022, 8:37:43 - INFO - Server is running on port: 3030
31.1.2022, 8:44:12 - DEBUG - auth.service - login with username: mayy
31.1.2022, 8:44:12 - ERROR - Failed to Login Invalid username or password
31.1.2022, 8:44:13 - DEBUG - auth.service - login with username: mayy
31.1.2022, 8:44:13 - ERROR - Failed to Login Invalid username or password
31.1.2022, 8:44:24 - DEBUG - auth.service - signup with username: mayelgarat, fullname: May Elgarat
31.1.2022, 8:44:24 - DEBUG - auth.route - new account created: {"username":"mayelgarat","password":"$2b$10$md3xgd/Islo8jew4HKE2Z.5dwB79xhk6LI9n7qiCxVgv5H/xbHuBW","fullname":"May Elgarat","userColor":"#00C875","acronyms":"ME","_id":"61f78548f944533ca0d1102b"}
31.1.2022, 8:44:24 - DEBUG - auth.service - login with username: mayelgarat
31.1.2022, 12:28:46 - DEBUG - auth.service - login with username: mayelgarat
>>>>>>> 2d7f521586f6c1aaba9baa20ed06862ba5c755d7
=======
30.1.2022, 20:49:47 - INFO - Server is running on port: 3030
30.1.2022, 20:55:29 - DEBUG - auth.service - login with username: l l
30.1.2022, 20:55:29 - ERROR - Failed to Login Invalid username or password
30.1.2022, 20:55:31 - DEBUG - auth.service - login with username: l l
30.1.2022, 20:55:31 - ERROR - Failed to Login Invalid username or password
30.1.2022, 20:55:37 - DEBUG - auth.service - signup with username: l, fullname: l l
30.1.2022, 20:55:37 - DEBUG - auth.route - new account created: {"username":"l","password":"$2b$10$vmM1HADzZNR.UoZ/v3CLJurNscDBvTrqYhKBS7CyB8NPAC66x/dwO","fullname":"l l","userColor":"#00C875","acronyms":"LL","_id":"61f6df2955a575a794b252e2"}
30.1.2022, 20:55:37 - DEBUG - auth.service - login with username: l
30.1.2022, 20:56:25 - DEBUG - auth.service - signup with username: m, fullname: mm mm
30.1.2022, 20:56:26 - DEBUG - auth.route - new account created: {"username":"m","password":"$2b$10$IuOWGA8aKPrkMh5dB6c1auXj9ifsy07CLpS4MMb2oqv6T7RB4s8P.","fullname":"mm mm","userColor":"#FDAB3D","acronyms":"MM","_id":"61f6df5a55a575a794b252e3"}
30.1.2022, 20:56:26 - DEBUG - auth.service - login with username: m
30.1.2022, 20:56:48 - DEBUG - auth.service - signup with username: a, fullname: b b
30.1.2022, 20:56:49 - DEBUG - auth.route - new account created: {"username":"a","password":"$2b$10$5PRGkXB..arzLq/2XYhyO.bUdCLn0/N/BLt0BMgMQPtLkWIW9/UCe","fullname":"b b","userColor":"#0073ea","acronyms":"BB","_id":"61f6df7055a575a794b252e4"}
30.1.2022, 20:56:49 - DEBUG - auth.service - login with username: a
30.1.2022, 20:56:49 - ERROR - Failed to signup Invalid username or password
30.1.2022, 20:57:29 - DEBUG - auth.service - signup with username: t, fullname: t t
30.1.2022, 20:57:30 - DEBUG - auth.route - new account created: {"username":"t","password":"$2b$10$o.L4WO2GvOHyseqNN1Mgb.wZULfienvlP80LNsm0njDkYTFWglcua","fullname":"t t","userColor":"#292f4c","acronyms":"TT","_id":"61f6df9a55a575a794b252e5"}
30.1.2022, 20:57:30 - DEBUG - auth.service - login with username: t
30.1.2022, 20:57:54 - DEBUG - auth.service - signup with username: g, fullname: g i
30.1.2022, 20:57:55 - DEBUG - auth.route - new account created: {"username":"g","password":"$2b$10$WLShSo2rRFdc96RLsFPCPOD2oGY4Isq/gNvJgrwD07sO2er27lsra","fullname":"g i","userColor":"#FDAB3D","acronyms":"GI","_id":"61f6dfb255a575a794b252e6"}
30.1.2022, 20:57:55 - DEBUG - auth.service - login with username: g
30.1.2022, 20:58:35 - DEBUG - auth.service - signup with username: p, fullname: p po
30.1.2022, 20:58:36 - DEBUG - auth.route - new account created: {"username":"p","password":"$2b$10$2s78n2Cq.tcvkTUn8jdO8eJRnlMOh6QCXcrZ6qZTGlnLx9ZJkmf2.","fullname":"p po","userColor":"#00C875","acronyms":"PP","_id":"61f6dfdc55a575a794b252e7"}
30.1.2022, 20:58:36 - DEBUG - auth.service - login with username: p
30.1.2022, 21:01:33 - DEBUG - auth.service - signup with username: mayyy, fullname: may elgarat
30.1.2022, 21:01:34 - DEBUG - auth.route - new account created: {"username":"mayyy","password":"$2b$10$kcPSQqvUvTJdkjlHIQfYtu90hhtBjUNdmDZu163uecC6nGUKCxzlC","fullname":"may elgarat","userColor":"#E2445C","acronyms":"ME","_id":"61f6e08e55a575a794b252e8"}
30.1.2022, 21:01:34 - DEBUG - auth.service - login with username: mayyy
31.1.2022, 9:27:00 - DEBUG - auth.service - signup with username: segalee, fullname: lee segal
31.1.2022, 9:27:02 - DEBUG - auth.route - new account created: {"username":"segalee","password":"$2b$10$myWlC6HCMH2RbJ2O/tBKTO7hVakDV2guaUQsBAHd2B52xJVzdv3ri","fullname":"lee segal","userColor":"#00C875","acronyms":"LS","_id":"61f78f4455a575a794b252e9"}
31.1.2022, 9:27:02 - DEBUG - auth.service - login with username: segalee
31.1.2022, 12:55:42 - DEBUG - auth.service - login with username: segalee
31.1.2022, 12:55:43 - ERROR - Failed to Login Invalid username or password
31.1.2022, 12:55:46 - DEBUG - auth.service - login with username: segalee
31.1.2022, 12:55:46 - ERROR - Failed to Login Invalid username or password
31.1.2022, 12:55:47 - DEBUG - auth.service - login with username: segalee
31.1.2022, 12:55:48 - ERROR - Failed to Login Invalid username or password
31.1.2022, 12:55:52 - DEBUG - auth.service - login with username: segalee
31.1.2022, 15:22:14 - INFO - Server is running on port: 3030
31.1.2022, 16:24:24 - INFO - Server is running on port: 3030
31.1.2022, 16:26:43 - INFO - Server is running on port: 3030
31.1.2022, 16:26:56 - INFO - Server is running on port: 3030
31.1.2022, 16:26:59 - INFO - Server is running on port: 3030
>>>>>>> b98e25875526bb5c09fbb52332a16dd0b6084fa4
<<<<<<< HEAD
31.1.2022, 16:31:27 - INFO - Server is running on port: 3030
=======
<<<<<<< HEAD
1/31/2022, 4:29:44 PM - INFO - Server is running on port: 3030
1/31/2022, 4:52:50 PM - DEBUG - auth.service - signup with username: HR, fullname: H R
1/31/2022, 4:52:50 PM - DEBUG - auth.route - new account created: {"username":"HR","password":"$2b$10$h78iLWdj6IDUmClcArvPr.2zOEonDo862.Why.pRnkBvBDAqMhqIK","fullname":"H R","userColor":"#0073ea","acronyms":"HR","_id":"61f7f7c28cfebe111e6adc2f"}
1/31/2022, 4:52:50 PM - DEBUG - auth.service - login with username: HR
1/31/2022, 6:13:31 PM - INFO - Server is running on port: 3030
1/31/2022, 7:19:20 PM - INFO - Server is running on port: 3030
1/31/2022, 10:50:41 PM - INFO - Server is running on port: 3030
=======
>>>>>>> 2d7f521586f6c1aaba9baa20ed06862ba5c755d7
>>>>>>> 7b1a63562461ceb83b1f32ce310f7ef0119e67c8
